<?xml version="1.0" encoding="UTF-8"?>
<!-- Generated by org.testng.reporters.JUnitReportReporter -->
<testsuite hostname="DESKTOP-RFLVK9L" failures="0" tests="1" name="test.MySettingsTest" time="15.613" errors="0" timestamp="2023-01-06T10:36:24 MST" skipped="0">
  <testcase classname="test.MySettingsTest" name="mySettingsEmail_TC07" time="15.613"/>
  <system-out/>
</testsuite> <!-- test.MySettingsTest -->
