<?xml version="1.0" encoding="UTF-8"?>
<!-- Generated by org.testng.reporters.JUnitReportReporter -->
<testsuite hostname="DESKTOP-RFLVK9L" failures="0" tests="3" name="test.UserMenuTest" time="32.623" errors="0" timestamp="2023-05-24T12:34:17 MDT" skipped="0">
  <testcase classname="test.UserMenuTest" name="userMenuDropDown_TC05" time="9.475"/>
  <system-out/>
  <testcase classname="test.UserMenuTest" name="userMenuLogout_Tc_09" time="10.282"/>
  <system-out/>
  <testcase classname="test.UserMenuTest" name="userMenuDropDownDeveloperConsole_TC08" time="12.866"/>
  <system-out/>
</testsuite> <!-- test.UserMenuTest -->
