<?xml version="1.0" encoding="UTF-8"?>
<!-- Generated by org.testng.reporters.JUnitReportReporter -->
<testsuite hostname="DESKTOP-RFLVK9L" failures="0" tests="1" name="test.ContactsTest" time="25.627" errors="0" timestamp="2023-05-24T12:32:34 MDT" skipped="0">
  <testcase classname="test.ContactsTest" name="createNewContact_TC25" time="25.627"/>
  <system-out/>
</testsuite> <!-- test.ContactsTest -->
