<?xml version="1.0" encoding="UTF-8"?>
<!-- Generated by org.testng.reporters.JUnitReportReporter -->
<testsuite hostname="DESKTOP-RFLVK9L" failures="0" tests="1" name="test.RadomScenariosTest" time="20.883" errors="0" timestamp="2023-02-03T00:05:04 MST" skipped="0">
  <testcase classname="test.RadomScenariosTest" name="RadomScenarios_TC37" time="20.883"/>
  <system-out/>
</testsuite> <!-- test.RadomScenariosTest -->
