<?xml version="1.0" encoding="UTF-8"?>
<!-- Generated by org.testng.reporters.JUnitReportReporter -->
<testsuite hostname="DESKTOP-RFLVK9L" failures="0" tests="6" name="test.LoginTest" time="34.682" errors="0" timestamp="2023-05-24T11:46:16 MDT" skipped="2">
  <testcase classname="test.LoginTest" name="forgotPasswordTC_04A" time="6.388"/>
  <system-out/>
  <testcase classname="test.LoginTest" name="loginToSfdc_TC_02" time="12.213"/>
  <system-out/>
  <testcase classname="test.LoginTest" name="clearpassword_TC_01" time="9.307"/>
  <system-out/>
  <testcase classname="test.LoginTest" name="validateLoginErrorMsgTC_04B" time="6.774"/>
  <system-out/>
  <testcase classname="test.LoginTest" name="rememberMeCheckbox_TC_03">
    <skipped/>
  </testcase> <!-- rememberMeCheckbox_TC_03 -->
  <system-out/>
  <testcase classname="test.LoginTest" name="loginToSfdc_throughdataProvider_TC_02">
    <skipped/>
  </testcase> <!-- loginToSfdc_throughdataProvider_TC_02 -->
  <system-out/>
</testsuite> <!-- test.LoginTest -->
